<?xml version="1.0" encoding="UTF-8"?>
<testng-results ignored="0" total="1" passed="1" failed="0" skipped="0">
  <reporter-output>
  </reporter-output>
  <suite started-at="2024-01-31T16:07:37 IST" name="Default suite" finished-at="2024-01-31T16:07:51 IST" duration-ms="14876">
    <groups>
    </groups>
    <test started-at="2024-01-31T16:07:37 IST" name="Default test" finished-at="2024-01-31T16:07:51 IST" duration-ms="14876">
      <class name="com.testsuite.regtest">
        <test-method is-config="true" signature="browsersele()[pri:0, instance:com.testsuite.regtest@ffaa6af]" started-at="2024-01-31T16:07:37 IST" name="browsersele" finished-at="2024-01-31T16:07:44 IST" duration-ms="7890" status="PASS">
          <reporter-output>
          </reporter-output>
        </test-method> <!-- browsersele -->
        <test-method signature="registertest()[pri:0, instance:com.testsuite.regtest@ffaa6af]" started-at="2024-01-31T16:07:44 IST" name="registertest" finished-at="2024-01-31T16:07:50 IST" duration-ms="5921" status="PASS">
          <reporter-output>
          </reporter-output>
        </test-method> <!-- registertest -->
        <test-method is-config="true" signature="at()[pri:0, instance:com.testsuite.regtest@ffaa6af]" started-at="2024-01-31T16:07:50 IST" name="at" finished-at="2024-01-31T16:07:51 IST" duration-ms="1023" status="PASS">
          <reporter-output>
          </reporter-output>
        </test-method> <!-- at -->
      </class> <!-- com.testsuite.regtest -->
    </test> <!-- Default test -->
  </suite> <!-- Default suite -->
</testng-results>
