<?xml version="1.0" encoding="UTF-8"?>
<testng-results total="1" passed="1" failed="0" skipped="0">
  <reporter-output>
  </reporter-output>
  <suite started-at="2024-02-02T05:25:06Z" name="Default suite" finished-at="2024-02-02T05:25:19Z" duration-ms="13013">
    <groups>
    </groups>
    <test started-at="2024-02-02T05:25:06Z" name="Default test" finished-at="2024-02-02T05:25:19Z" duration-ms="13013">
      <class name="com.model.testsuite.testing">
        <test-method is-config="true" signature="browseropen()[pri:0, instance:com.model.testsuite.testing@27216cd]" started-at="2024-02-02T10:55:06Z" name="browseropen" finished-at="2024-02-02T10:55:13Z" duration-ms="6165" status="PASS">
          <reporter-output>
          </reporter-output>
        </test-method> <!-- browseropen -->
        <test-method signature="testexec()[pri:0, instance:com.model.testsuite.testing@27216cd]" started-at="2024-02-02T10:55:13Z" name="testexec" finished-at="2024-02-02T10:55:19Z" duration-ms="6822" status="PASS">
          <reporter-output>
          </reporter-output>
        </test-method> <!-- testexec -->
      </class> <!-- com.model.testsuite.testing -->
    </test> <!-- Default test -->
  </suite> <!-- Default suite -->
</testng-results>
